Analysis & Synthesis report for light
Fri Apr 26 15:02:17 2019
Quartus II Version 9.0 Build 132 02/25/2009 SJ Full Version


---------------------
; Table of Contents ;
---------------------
  1. Legal Notice
  2. Analysis & Synthesis Summary
  3. Analysis & Synthesis Settings
  4. Analysis & Synthesis Source Files Read
  5. Analysis & Synthesis Resource Usage Summary
  6. Analysis & Synthesis Resource Utilization by Entity
  7. Registers Removed During Synthesis
  8. Removed Registers Triggering Further Register Optimizations
  9. General Register Statistics
 10. Analysis & Synthesis Messages



----------------
; Legal Notice ;
----------------
Copyright (C) 1991-2009 Altera Corporation
Your use of Altera Corporation's design tools, logic functions 
and other software and tools, and its AMPP partner logic 
functions, and any output files from any of the foregoing 
(including device programming or simulation files), and any 
associated documentation or information are expressly subject 
to the terms and conditions of the Altera Program License 
Subscription Agreement, Altera MegaCore Function License 
Agreement, or other applicable license agreement, including, 
without limitation, that your use is for the sole purpose of 
programming logic devices manufactured by Altera and sold by 
Altera or its authorized distributors.  Please refer to the 
applicable agreement for further details.



+------------------------------------------------------------------------+
; Analysis & Synthesis Summary                                           ;
+-----------------------------+------------------------------------------+
; Analysis & Synthesis Status ; Successful - Fri Apr 26 15:02:17 2019    ;
; Quartus II Version          ; 9.0 Build 132 02/25/2009 SJ Full Version ;
; Revision Name               ; light                                    ;
; Top-level Entity Name       ; light                                    ;
; Family                      ; MAX II                                   ;
; Total logic elements        ; 63                                       ;
; Total pins                  ; 17                                       ;
; Total virtual pins          ; 0                                        ;
; UFM blocks                  ; 0 / 1 ( 0 % )                            ;
+-----------------------------+------------------------------------------+


+----------------------------------------------------------------------------------------------------------+
; Analysis & Synthesis Settings                                                                            ;
+----------------------------------------------------------------+--------------------+--------------------+
; Option                                                         ; Setting            ; Default Value      ;
+----------------------------------------------------------------+--------------------+--------------------+
; Device                                                         ; EPM240T100C5       ;                    ;
; Top-level entity name                                          ; light              ; light              ;
; Family name                                                    ; MAX II             ; Stratix II         ;
; Use Generated Physical Constraints File                        ; Off                ;                    ;
; Use smart compilation                                          ; Off                ; Off                ;
; Restructure Multiplexers                                       ; Auto               ; Auto               ;
; Create Debugging Nodes for IP Cores                            ; Off                ; Off                ;
; Preserve fewer node names                                      ; On                 ; On                 ;
; Disable OpenCore Plus hardware evaluation                      ; Off                ; Off                ;
; Verilog Version                                                ; Verilog_2001       ; Verilog_2001       ;
; VHDL Version                                                   ; VHDL93             ; VHDL93             ;
; State Machine Processing                                       ; Auto               ; Auto               ;
; Safe State Machine                                             ; Off                ; Off                ;
; Extract Verilog State Machines                                 ; On                 ; On                 ;
; Extract VHDL State Machines                                    ; On                 ; On                 ;
; Ignore Verilog initial constructs                              ; Off                ; Off                ;
; Iteration limit for constant Verilog loops                     ; 5000               ; 5000               ;
; Iteration limit for non-constant Verilog loops                 ; 250                ; 250                ;
; Add Pass-Through Logic to Inferred RAMs                        ; On                 ; On                 ;
; Parallel Synthesis                                             ; Off                ; Off                ;
; NOT Gate Push-Back                                             ; On                 ; On                 ;
; Power-Up Don't Care                                            ; On                 ; On                 ;
; Remove Redundant Logic Cells                                   ; Off                ; Off                ;
; Remove Duplicate Registers                                     ; On                 ; On                 ;
; Ignore CARRY Buffers                                           ; Off                ; Off                ;
; Ignore CASCADE Buffers                                         ; Off                ; Off                ;
; Ignore GLOBAL Buffers                                          ; Off                ; Off                ;
; Ignore ROW GLOBAL Buffers                                      ; Off                ; Off                ;
; Ignore LCELL Buffers                                           ; Off                ; Off                ;
; Ignore SOFT Buffers                                            ; On                 ; On                 ;
; Limit AHDL Integers to 32 Bits                                 ; Off                ; Off                ;
; Optimization Technique                                         ; Balanced           ; Balanced           ;
; Carry Chain Length                                             ; 70                 ; 70                 ;
; Auto Carry Chains                                              ; On                 ; On                 ;
; Auto Open-Drain Pins                                           ; On                 ; On                 ;
; Perform WYSIWYG Primitive Resynthesis                          ; Off                ; Off                ;
; Auto Shift Register Replacement                                ; Auto               ; Auto               ;
; Auto Clock Enable Replacement                                  ; On                 ; On                 ;
; Allow Synchronous Control Signals                              ; On                 ; On                 ;
; Force Use of Synchronous Clear Signals                         ; Off                ; Off                ;
; Auto Resource Sharing                                          ; Off                ; Off                ;
; Use LogicLock Constraints during Resource Balancing            ; On                 ; On                 ;
; Ignore translate_off and synthesis_off directives              ; Off                ; Off                ;
; Show Parameter Settings Tables in Synthesis Report             ; On                 ; On                 ;
; Ignore Maximum Fan-Out Assignments                             ; Off                ; Off                ;
; Synchronization Register Chain Length                          ; 2                  ; 2                  ;
; PowerPlay Power Optimization                                   ; Normal compilation ; Normal compilation ;
; HDL message level                                              ; Level2             ; Level2             ;
; Suppress Register Optimization Related Messages                ; Off                ; Off                ;
; Number of Removed Registers Reported in Synthesis Report       ; 100                ; 100                ;
; Number of Inverted Registers Reported in Synthesis Report      ; 100                ; 100                ;
; Clock MUX Protection                                           ; On                 ; On                 ;
; Block Design Naming                                            ; Auto               ; Auto               ;
; Synthesis Effort                                               ; Auto               ; Auto               ;
; Allows Asynchronous Clear Usage For Shift Register Replacement ; On                 ; On                 ;
; Analysis & Synthesis Message Level                             ; Medium             ; Medium             ;
+----------------------------------------------------------------+--------------------+--------------------+


+-------------------------------------------------------------------------------------------------------------+
; Analysis & Synthesis Source Files Read                                                                      ;
+----------------------------------+-----------------+-----------------+--------------------------------------+
; File Name with User-Entered Path ; Used in Netlist ; File Type       ; File Name with Absolute Path         ;
+----------------------------------+-----------------+-----------------+--------------------------------------+
; light.vhd                        ; yes             ; User VHDL File  ; D:/Workplace/EDA_lab/light/light.vhd ;
+----------------------------------+-----------------+-----------------+--------------------------------------+


+-----------------------------------------------------+
; Analysis & Synthesis Resource Usage Summary         ;
+---------------------------------------------+-------+
; Resource                                    ; Usage ;
+---------------------------------------------+-------+
; Total logic elements                        ; 63    ;
;     -- Combinational with no register       ; 15    ;
;     -- Register only                        ; 6     ;
;     -- Combinational with a register        ; 42    ;
;                                             ;       ;
; Logic element usage by number of LUT inputs ;       ;
;     -- 4 input functions                    ; 18    ;
;     -- 3 input functions                    ; 5     ;
;     -- 2 input functions                    ; 32    ;
;     -- 1 input functions                    ; 2     ;
;     -- 0 input functions                    ; 0     ;
;                                             ;       ;
; Logic elements by mode                      ;       ;
;     -- normal mode                          ; 32    ;
;     -- arithmetic mode                      ; 31    ;
;     -- qfbk mode                            ; 0     ;
;     -- register cascade mode                ; 0     ;
;     -- synchronous clear/load mode          ; 32    ;
;     -- asynchronous clear/load mode         ; 36    ;
;                                             ;       ;
; Total registers                             ; 48    ;
; Total logic cells in carry chains           ; 32    ;
; I/O pins                                    ; 17    ;
; Maximum fan-out node                        ; clk   ;
; Maximum fan-out                             ; 48    ;
; Total fan-out                               ; 300   ;
; Average fan-out                             ; 3.75  ;
+---------------------------------------------+-------+


+----------------------------------------------------------------------------------------------------------------------------------------------------------------------------------------------------------------------+
; Analysis & Synthesis Resource Utilization by Entity                                                                                                                                                                  ;
+----------------------------+-------------+--------------+------------+------+--------------+--------------+-------------------+------------------+-----------------+------------+---------------------+--------------+
; Compilation Hierarchy Node ; Logic Cells ; LC Registers ; UFM Blocks ; Pins ; Virtual Pins ; LUT-Only LCs ; Register-Only LCs ; LUT/Register LCs ; Carry Chain LCs ; Packed LCs ; Full Hierarchy Name ; Library Name ;
+----------------------------+-------------+--------------+------------+------+--------------+--------------+-------------------+------------------+-----------------+------------+---------------------+--------------+
; |light                     ; 63 (63)     ; 48           ; 0          ; 17   ; 0            ; 15 (15)      ; 6 (6)             ; 42 (42)          ; 32 (32)         ; 0 (0)      ; |light              ; work         ;
+----------------------------+-------------+--------------+------------+------+--------------+--------------+-------------------+------------------+-----------------+------------+---------------------+--------------+
Note: For table entries with two numbers listed, the numbers in parentheses indicate the number of resources of the given type used by the specific entity alone. The numbers listed outside of parentheses indicate the total resources of the given type used by the specific entity and all of its sub-entities in the hierarchy.


+--------------------------------------------------------------------------------+
; Registers Removed During Synthesis                                             ;
+---------------------------------------+----------------------------------------+
; Register name                         ; Reason for Removal                     ;
+---------------------------------------+----------------------------------------+
; display_buf_odd[0]                    ; Stuck at VCC due to stuck port data_in ;
; display_buf_even[0]                   ; Stuck at GND due to stuck port data_in ;
; display_odd[0]~reg0                   ; Stuck at VCC due to stuck port data_in ;
; display_even[0]~reg0                  ; Stuck at GND due to stuck port data_in ;
; Total Number of Removed Registers = 4 ;                                        ;
+---------------------------------------+----------------------------------------+


+------------------------------------------------------------------------------------------+
; Removed Registers Triggering Further Register Optimizations                              ;
+---------------------+---------------------------+----------------------------------------+
; Register name       ; Reason for Removal        ; Registers Removed due to This Register ;
+---------------------+---------------------------+----------------------------------------+
; display_buf_odd[0]  ; Stuck at VCC              ; display_odd[0]~reg0                    ;
;                     ; due to stuck port data_in ;                                        ;
; display_buf_even[0] ; Stuck at GND              ; display_even[0]~reg0                   ;
;                     ; due to stuck port data_in ;                                        ;
+---------------------+---------------------------+----------------------------------------+


+------------------------------------------------------+
; General Register Statistics                          ;
+----------------------------------------------+-------+
; Statistic                                    ; Value ;
+----------------------------------------------+-------+
; Total registers                              ; 48    ;
; Number of registers using Synchronous Clear  ; 32    ;
; Number of registers using Synchronous Load   ; 0     ;
; Number of registers using Asynchronous Clear ; 36    ;
; Number of registers using Asynchronous Load  ; 0     ;
; Number of registers using Clock Enable       ; 13    ;
; Number of registers using Preset             ; 0     ;
+----------------------------------------------+-------+


+-------------------------------+
; Analysis & Synthesis Messages ;
+-------------------------------+
Info: *******************************************************************
Info: Running Quartus II Analysis & Synthesis
    Info: Version 9.0 Build 132 02/25/2009 SJ Full Version
    Info: Processing started: Fri Apr 26 15:02:16 2019
Info: Command: quartus_map --read_settings_files=on --write_settings_files=off light -c light
Info: Found 2 design units, including 1 entities, in source file light.vhd
    Info: Found design unit 1: light-display
    Info: Found entity 1: light
Info: Elaborating entity "light" for the top level hierarchy
Warning: Output pins are stuck at VCC or GND
    Warning (13410): Pin "display_odd[0]" is stuck at VCC
    Warning (13410): Pin "display_even[0]" is stuck at GND
Info: Implemented 80 device resources after synthesis - the final resource count might be different
    Info: Implemented 2 input pins
    Info: Implemented 15 output pins
    Info: Implemented 63 logic cells
Info: Quartus II Analysis & Synthesis was successful. 0 errors, 3 warnings
    Info: Peak virtual memory: 253 megabytes
    Info: Processing ended: Fri Apr 26 15:02:17 2019
    Info: Elapsed time: 00:00:01
    Info: Total CPU time (on all processors): 00:00:01


