Classic Timing Analyzer report for full_adder_4
Fri May 03 23:54:39 2019
Quartus II Version 9.0 Build 132 02/25/2009 SJ Full Version


---------------------
; Table of Contents ;
---------------------
  1. Legal Notice
  2. Timing Analyzer Summary
  3. Timing Analyzer Settings
  4. Parallel Compilation
  5. tpd
  6. Timing Analyzer Messages



----------------
; Legal Notice ;
----------------
Copyright (C) 1991-2009 Altera Corporation
Your use of Altera Corporation's design tools, logic functions 
and other software and tools, and its AMPP partner logic 
functions, and any output files from any of the foregoing 
(including device programming or simulation files), and any 
associated documentation or information are expressly subject 
to the terms and conditions of the Altera Program License 
Subscription Agreement, Altera MegaCore Function License 
Agreement, or other applicable license agreement, including, 
without limitation, that your use is for the sole purpose of 
programming logic devices manufactured by Altera and sold by 
Altera or its authorized distributors.  Please refer to the 
applicable agreement for further details.



+-------------------------------------------------------------------------------------------------------------------------+
; Timing Analyzer Summary                                                                                                 ;
+------------------------------+-------+---------------+-------------+------+------+------------+----------+--------------+
; Type                         ; Slack ; Required Time ; Actual Time ; From ; To   ; From Clock ; To Clock ; Failed Paths ;
+------------------------------+-------+---------------+-------------+------+------+------------+----------+--------------+
; Worst-case tpd               ; N/A   ; None          ; 10.197 ns   ; b[0] ; s[3] ; --         ; --       ; 0            ;
; Total number of failed paths ;       ;               ;             ;      ;      ;            ;          ; 0            ;
+------------------------------+-------+---------------+-------------+------+------+------------+----------+--------------+


+--------------------------------------------------------------------------------------------------------------------+
; Timing Analyzer Settings                                                                                           ;
+---------------------------------------------------------------------+--------------------+------+----+-------------+
; Option                                                              ; Setting            ; From ; To ; Entity Name ;
+---------------------------------------------------------------------+--------------------+------+----+-------------+
; Device Name                                                         ; EPM240T100C5       ;      ;    ;             ;
; Timing Models                                                       ; Final              ;      ;    ;             ;
; Default hold multicycle                                             ; Same as Multicycle ;      ;    ;             ;
; Cut paths between unrelated clock domains                           ; On                 ;      ;    ;             ;
; Cut off read during write signal paths                              ; On                 ;      ;    ;             ;
; Cut off feedback from I/O pins                                      ; On                 ;      ;    ;             ;
; Report Combined Fast/Slow Timing                                    ; Off                ;      ;    ;             ;
; Ignore Clock Settings                                               ; Off                ;      ;    ;             ;
; Analyze latches as synchronous elements                             ; On                 ;      ;    ;             ;
; Enable Recovery/Removal analysis                                    ; Off                ;      ;    ;             ;
; Enable Clock Latency                                                ; Off                ;      ;    ;             ;
; Use TimeQuest Timing Analyzer                                       ; Off                ;      ;    ;             ;
; Minimum Core Junction Temperature                                   ; 0                  ;      ;    ;             ;
; Maximum Core Junction Temperature                                   ; 85                 ;      ;    ;             ;
; Number of source nodes to report per destination node               ; 10                 ;      ;    ;             ;
; Number of destination nodes to report                               ; 10                 ;      ;    ;             ;
; Number of paths to report                                           ; 200                ;      ;    ;             ;
; Report Minimum Timing Checks                                        ; Off                ;      ;    ;             ;
; Use Fast Timing Models                                              ; Off                ;      ;    ;             ;
; Report IO Paths Separately                                          ; Off                ;      ;    ;             ;
; Perform Multicorner Analysis                                        ; Off                ;      ;    ;             ;
; Reports the worst-case path for each clock domain and analysis      ; Off                ;      ;    ;             ;
; Removes common clock path pessimism (CCPP) during slack computation ; Off                ;      ;    ;             ;
; Output I/O Timing Endpoint                                          ; Near End           ;      ;    ;             ;
+---------------------------------------------------------------------+--------------------+------+----+-------------+


+------------------------------------------+
; Parallel Compilation                     ;
+----------------------------+-------------+
; Processors                 ; Number      ;
+----------------------------+-------------+
; Number detected on machine ; 4           ;
; Maximum allowed            ; 4           ;
;                            ;             ;
; Average used               ; 1.00        ;
; Maximum used               ; 1           ;
;                            ;             ;
; Usage by Processor         ; % Time Used ;
;     1 processor            ; 100.0%      ;
;     2-4 processors         ;   0.0%      ;
+----------------------------+-------------+


+-----------------------------------------------------------+
; tpd                                                       ;
+-------+-------------------+-----------------+------+------+
; Slack ; Required P2P Time ; Actual P2P Time ; From ; To   ;
+-------+-------------------+-----------------+------+------+
; N/A   ; None              ; 10.197 ns       ; b[0] ; s[3] ;
; N/A   ; None              ; 10.187 ns       ; a[0] ; s[3] ;
; N/A   ; None              ; 10.043 ns       ; b[0] ; s[2] ;
; N/A   ; None              ; 10.033 ns       ; a[0] ; s[2] ;
; N/A   ; None              ; 9.800 ns        ; b[0] ; cout ;
; N/A   ; None              ; 9.790 ns        ; a[0] ; cout ;
; N/A   ; None              ; 9.651 ns        ; a[1] ; s[3] ;
; N/A   ; None              ; 9.564 ns        ; b[0] ; s[1] ;
; N/A   ; None              ; 9.554 ns        ; a[0] ; s[1] ;
; N/A   ; None              ; 9.497 ns        ; a[1] ; s[2] ;
; N/A   ; None              ; 9.365 ns        ; cin  ; s[3] ;
; N/A   ; None              ; 9.270 ns        ; a[2] ; s[3] ;
; N/A   ; None              ; 9.254 ns        ; a[1] ; cout ;
; N/A   ; None              ; 9.211 ns        ; cin  ; s[2] ;
; N/A   ; None              ; 9.090 ns        ; b[1] ; s[3] ;
; N/A   ; None              ; 8.968 ns        ; cin  ; cout ;
; N/A   ; None              ; 8.936 ns        ; b[1] ; s[2] ;
; N/A   ; None              ; 8.873 ns        ; a[2] ; cout ;
; N/A   ; None              ; 8.732 ns        ; cin  ; s[1] ;
; N/A   ; None              ; 8.693 ns        ; b[1] ; cout ;
; N/A   ; None              ; 8.407 ns        ; a[0] ; s[0] ;
; N/A   ; None              ; 8.395 ns        ; b[0] ; s[0] ;
; N/A   ; None              ; 8.356 ns        ; a[2] ; s[2] ;
; N/A   ; None              ; 8.256 ns        ; a[1] ; s[1] ;
; N/A   ; None              ; 8.203 ns        ; b[2] ; s[3] ;
; N/A   ; None              ; 8.163 ns        ; a[3] ; cout ;
; N/A   ; None              ; 8.148 ns        ; a[3] ; s[3] ;
; N/A   ; None              ; 7.806 ns        ; b[2] ; cout ;
; N/A   ; None              ; 7.683 ns        ; b[1] ; s[1] ;
; N/A   ; None              ; 7.666 ns        ; b[3] ; cout ;
; N/A   ; None              ; 7.660 ns        ; b[3] ; s[3] ;
; N/A   ; None              ; 7.624 ns        ; b[2] ; s[2] ;
; N/A   ; None              ; 7.570 ns        ; cin  ; s[0] ;
+-------+-------------------+-----------------+------+------+


+--------------------------+
; Timing Analyzer Messages ;
+--------------------------+
Info: *******************************************************************
Info: Running Quartus II Classic Timing Analyzer
    Info: Version 9.0 Build 132 02/25/2009 SJ Full Version
    Info: Processing started: Fri May 03 23:54:38 2019
Info: Command: quartus_tan --read_settings_files=off --write_settings_files=off Adder4 -c full_adder_4
Info: Parallel compilation is enabled and will use 4 of the 4 processors detected
Info: Started post-fitting delay annotation
Info: Delay annotation completed successfully
Info: Longest tpd from source pin "b[0]" to destination pin "s[3]" is 10.197 ns
    Info: 1: + IC(0.000 ns) + CELL(1.132 ns) = 1.132 ns; Loc. = PIN_5; Fanout = 2; PIN Node = 'b[0]'
    Info: 2: + IC(2.640 ns) + CELL(0.200 ns) = 3.972 ns; Loc. = LC_X2_Y3_N6; Fanout = 2; COMB Node = 'full_adder_1:adder0|cout~2'
    Info: 3: + IC(0.305 ns) + CELL(0.200 ns) = 4.477 ns; Loc. = LC_X2_Y3_N7; Fanout = 2; COMB Node = 'full_adder_1:adder1|cout~2'
    Info: 4: + IC(0.305 ns) + CELL(0.200 ns) = 4.982 ns; Loc. = LC_X2_Y3_N8; Fanout = 2; COMB Node = 'full_adder_1:adder2|cout~2'
    Info: 5: + IC(0.712 ns) + CELL(0.200 ns) = 5.894 ns; Loc. = LC_X2_Y3_N3; Fanout = 1; COMB Node = 'full_adder_1:adder3|s'
    Info: 6: + IC(1.981 ns) + CELL(2.322 ns) = 10.197 ns; Loc. = PIN_17; Fanout = 0; PIN Node = 's[3]'
    Info: Total cell delay = 4.254 ns ( 41.72 % )
    Info: Total interconnect delay = 5.943 ns ( 58.28 % )
Info: Quartus II Classic Timing Analyzer was successful. 0 errors, 0 warnings
    Info: Peak virtual memory: 195 megabytes
    Info: Processing ended: Fri May 03 23:54:39 2019
    Info: Elapsed time: 00:00:01
    Info: Total CPU time (on all processors): 00:00:00


