Analysis & Synthesis report for full_adder_4
Fri May 03 23:54:34 2019
Quartus II Version 9.0 Build 132 02/25/2009 SJ Full Version


---------------------
; Table of Contents ;
---------------------
  1. Legal Notice
  2. Analysis & Synthesis Summary
  3. Analysis & Synthesis Settings
  4. Analysis & Synthesis Source Files Read
  5. Analysis & Synthesis Resource Usage Summary
  6. Analysis & Synthesis Resource Utilization by Entity
  7. General Register Statistics
  8. Analysis & Synthesis Messages



----------------
; Legal Notice ;
----------------
Copyright (C) 1991-2009 Altera Corporation
Your use of Altera Corporation's design tools, logic functions 
and other software and tools, and its AMPP partner logic 
functions, and any output files from any of the foregoing 
(including device programming or simulation files), and any 
associated documentation or information are expressly subject 
to the terms and conditions of the Altera Program License 
Subscription Agreement, Altera MegaCore Function License 
Agreement, or other applicable license agreement, including, 
without limitation, that your use is for the sole purpose of 
programming logic devices manufactured by Altera and sold by 
Altera or its authorized distributors.  Please refer to the 
applicable agreement for further details.



+------------------------------------------------------------------------+
; Analysis & Synthesis Summary                                           ;
+-----------------------------+------------------------------------------+
; Analysis & Synthesis Status ; Successful - Fri May 03 23:54:34 2019    ;
; Quartus II Version          ; 9.0 Build 132 02/25/2009 SJ Full Version ;
; Revision Name               ; full_adder_4                             ;
; Top-level Entity Name       ; full_adder_4                             ;
; Family                      ; MAX II                                   ;
; Total logic elements        ; 8                                        ;
; Total pins                  ; 14                                       ;
; Total virtual pins          ; 0                                        ;
; UFM blocks                  ; 0 / 1 ( 0 % )                            ;
+-----------------------------+------------------------------------------+


+----------------------------------------------------------------------------------------------------------+
; Analysis & Synthesis Settings                                                                            ;
+----------------------------------------------------------------+--------------------+--------------------+
; Option                                                         ; Setting            ; Default Value      ;
+----------------------------------------------------------------+--------------------+--------------------+
; Device                                                         ; EPM240T100C5       ;                    ;
; Top-level entity name                                          ; full_adder_4       ; full_adder_4       ;
; Family name                                                    ; MAX II             ; Stratix II         ;
; Use Generated Physical Constraints File                        ; Off                ;                    ;
; Use smart compilation                                          ; Off                ; Off                ;
; Restructure Multiplexers                                       ; Auto               ; Auto               ;
; Create Debugging Nodes for IP Cores                            ; Off                ; Off                ;
; Preserve fewer node names                                      ; On                 ; On                 ;
; Disable OpenCore Plus hardware evaluation                      ; Off                ; Off                ;
; Verilog Version                                                ; Verilog_2001       ; Verilog_2001       ;
; VHDL Version                                                   ; VHDL93             ; VHDL93             ;
; State Machine Processing                                       ; Auto               ; Auto               ;
; Safe State Machine                                             ; Off                ; Off                ;
; Extract Verilog State Machines                                 ; On                 ; On                 ;
; Extract VHDL State Machines                                    ; On                 ; On                 ;
; Ignore Verilog initial constructs                              ; Off                ; Off                ;
; Iteration limit for constant Verilog loops                     ; 5000               ; 5000               ;
; Iteration limit for non-constant Verilog loops                 ; 250                ; 250                ;
; Add Pass-Through Logic to Inferred RAMs                        ; On                 ; On                 ;
; Parallel Synthesis                                             ; Off                ; Off                ;
; NOT Gate Push-Back                                             ; On                 ; On                 ;
; Power-Up Don't Care                                            ; On                 ; On                 ;
; Remove Redundant Logic Cells                                   ; Off                ; Off                ;
; Remove Duplicate Registers                                     ; On                 ; On                 ;
; Ignore CARRY Buffers                                           ; Off                ; Off                ;
; Ignore CASCADE Buffers                                         ; Off                ; Off                ;
; Ignore GLOBAL Buffers                                          ; Off                ; Off                ;
; Ignore ROW GLOBAL Buffers                                      ; Off                ; Off                ;
; Ignore LCELL Buffers                                           ; Off                ; Off                ;
; Ignore SOFT Buffers                                            ; On                 ; On                 ;
; Limit AHDL Integers to 32 Bits                                 ; Off                ; Off                ;
; Optimization Technique                                         ; Balanced           ; Balanced           ;
; Carry Chain Length                                             ; 70                 ; 70                 ;
; Auto Carry Chains                                              ; On                 ; On                 ;
; Auto Open-Drain Pins                                           ; On                 ; On                 ;
; Perform WYSIWYG Primitive Resynthesis                          ; Off                ; Off                ;
; Auto Shift Register Replacement                                ; Auto               ; Auto               ;
; Auto Clock Enable Replacement                                  ; On                 ; On                 ;
; Allow Synchronous Control Signals                              ; On                 ; On                 ;
; Force Use of Synchronous Clear Signals                         ; Off                ; Off                ;
; Auto Resource Sharing                                          ; Off                ; Off                ;
; Use LogicLock Constraints during Resource Balancing            ; On                 ; On                 ;
; Ignore translate_off and synthesis_off directives              ; Off                ; Off                ;
; Show Parameter Settings Tables in Synthesis Report             ; On                 ; On                 ;
; Ignore Maximum Fan-Out Assignments                             ; Off                ; Off                ;
; Synchronization Register Chain Length                          ; 2                  ; 2                  ;
; PowerPlay Power Optimization                                   ; Normal compilation ; Normal compilation ;
; HDL message level                                              ; Level2             ; Level2             ;
; Suppress Register Optimization Related Messages                ; Off                ; Off                ;
; Number of Removed Registers Reported in Synthesis Report       ; 100                ; 100                ;
; Number of Inverted Registers Reported in Synthesis Report      ; 100                ; 100                ;
; Clock MUX Protection                                           ; On                 ; On                 ;
; Block Design Naming                                            ; Auto               ; Auto               ;
; Synthesis Effort                                               ; Auto               ; Auto               ;
; Allows Asynchronous Clear Usage For Shift Register Replacement ; On                 ; On                 ;
; Analysis & Synthesis Message Level                             ; Medium             ; Medium             ;
+----------------------------------------------------------------+--------------------+--------------------+


+--------------------------------------------------------------------------------------------------------------------+
; Analysis & Synthesis Source Files Read                                                                             ;
+----------------------------------+-----------------+-----------------+---------------------------------------------+
; File Name with User-Entered Path ; Used in Netlist ; File Type       ; File Name with Absolute Path                ;
+----------------------------------+-----------------+-----------------+---------------------------------------------+
; half_adder_1.vhd                 ; yes             ; User VHDL File  ; D:/Workplace/EDA_lab/adder/half_adder_1.vhd ;
; carry.vhd                        ; yes             ; User VHDL File  ; D:/Workplace/EDA_lab/adder/carry.vhd        ;
; ripple.vhd                       ; yes             ; User VHDL File  ; D:/Workplace/EDA_lab/adder/ripple.vhd       ;
; sys.vhd                          ; yes             ; User VHDL File  ; D:/Workplace/EDA_lab/adder/sys.vhd          ;
; full_adder_4.vhd                 ; yes             ; User VHDL File  ; D:/Workplace/EDA_lab/adder/full_adder_4.vhd ;
; full_adder_1.vhd                 ; yes             ; User VHDL File  ; D:/Workplace/EDA_lab/adder/full_adder_1.vhd ;
+----------------------------------+-----------------+-----------------+---------------------------------------------+


+--------------------------------------------------------------------------+
; Analysis & Synthesis Resource Usage Summary                              ;
+---------------------------------------------+----------------------------+
; Resource                                    ; Usage                      ;
+---------------------------------------------+----------------------------+
; Total logic elements                        ; 8                          ;
;     -- Combinational with no register       ; 8                          ;
;     -- Register only                        ; 0                          ;
;     -- Combinational with a register        ; 0                          ;
;                                             ;                            ;
; Logic element usage by number of LUT inputs ;                            ;
;     -- 4 input functions                    ; 0                          ;
;     -- 3 input functions                    ; 8                          ;
;     -- 2 input functions                    ; 0                          ;
;     -- 1 input functions                    ; 0                          ;
;     -- 0 input functions                    ; 0                          ;
;                                             ;                            ;
; Logic elements by mode                      ;                            ;
;     -- normal mode                          ; 8                          ;
;     -- arithmetic mode                      ; 0                          ;
;     -- qfbk mode                            ; 0                          ;
;     -- register cascade mode                ; 0                          ;
;     -- synchronous clear/load mode          ; 0                          ;
;     -- asynchronous clear/load mode         ; 0                          ;
;                                             ;                            ;
; Total registers                             ; 0                          ;
; I/O pins                                    ; 14                         ;
; Maximum fan-out node                        ; full_adder_1:adder0|cout~2 ;
; Maximum fan-out                             ; 2                          ;
; Total fan-out                               ; 29                         ;
; Average fan-out                             ; 1.32                       ;
+---------------------------------------------+----------------------------+


+------------------------------------------------------------------------------------------------------------------------------------------------------------------------------------------------------------------------------------+
; Analysis & Synthesis Resource Utilization by Entity                                                                                                                                                                                ;
+----------------------------+-------------+--------------+------------+------+--------------+--------------+-------------------+------------------+-----------------+------------+-----------------------------------+--------------+
; Compilation Hierarchy Node ; Logic Cells ; LC Registers ; UFM Blocks ; Pins ; Virtual Pins ; LUT-Only LCs ; Register-Only LCs ; LUT/Register LCs ; Carry Chain LCs ; Packed LCs ; Full Hierarchy Name               ; Library Name ;
+----------------------------+-------------+--------------+------------+------+--------------+--------------+-------------------+------------------+-----------------+------------+-----------------------------------+--------------+
; |full_adder_4              ; 8 (0)       ; 0            ; 0          ; 14   ; 0            ; 8 (0)        ; 0 (0)             ; 0 (0)            ; 0 (0)           ; 0 (0)      ; |full_adder_4                     ; work         ;
;    |full_adder_1:adder0|   ; 2 (2)       ; 0            ; 0          ; 0    ; 0            ; 2 (2)        ; 0 (0)             ; 0 (0)            ; 0 (0)           ; 0 (0)      ; |full_adder_4|full_adder_1:adder0 ; work         ;
;    |full_adder_1:adder1|   ; 2 (2)       ; 0            ; 0          ; 0    ; 0            ; 2 (2)        ; 0 (0)             ; 0 (0)            ; 0 (0)           ; 0 (0)      ; |full_adder_4|full_adder_1:adder1 ; work         ;
;    |full_adder_1:adder2|   ; 2 (2)       ; 0            ; 0          ; 0    ; 0            ; 2 (2)        ; 0 (0)             ; 0 (0)            ; 0 (0)           ; 0 (0)      ; |full_adder_4|full_adder_1:adder2 ; work         ;
;    |full_adder_1:adder3|   ; 2 (2)       ; 0            ; 0          ; 0    ; 0            ; 2 (2)        ; 0 (0)             ; 0 (0)            ; 0 (0)           ; 0 (0)      ; |full_adder_4|full_adder_1:adder3 ; work         ;
+----------------------------+-------------+--------------+------------+------+--------------+--------------+-------------------+------------------+-----------------+------------+-----------------------------------+--------------+
Note: For table entries with two numbers listed, the numbers in parentheses indicate the number of resources of the given type used by the specific entity alone. The numbers listed outside of parentheses indicate the total resources of the given type used by the specific entity and all of its sub-entities in the hierarchy.


+------------------------------------------------------+
; General Register Statistics                          ;
+----------------------------------------------+-------+
; Statistic                                    ; Value ;
+----------------------------------------------+-------+
; Total registers                              ; 0     ;
; Number of registers using Synchronous Clear  ; 0     ;
; Number of registers using Synchronous Load   ; 0     ;
; Number of registers using Asynchronous Clear ; 0     ;
; Number of registers using Asynchronous Load  ; 0     ;
; Number of registers using Clock Enable       ; 0     ;
; Number of registers using Preset             ; 0     ;
+----------------------------------------------+-------+


+-------------------------------+
; Analysis & Synthesis Messages ;
+-------------------------------+
Info: *******************************************************************
Info: Running Quartus II Analysis & Synthesis
    Info: Version 9.0 Build 132 02/25/2009 SJ Full Version
    Info: Processing started: Fri May 03 23:54:33 2019
Info: Command: quartus_map --read_settings_files=on --write_settings_files=off Adder4 -c full_adder_4
Info: Found 2 design units, including 1 entities, in source file half_adder_1.vhd
    Info: Found design unit 1: half_adder_1-plus
    Info: Found entity 1: half_adder_1
Info: Found 1 design units, including 0 entities, in source file carry.vhd
    Info: Found design unit 1: full_adder_4-carry_plus
Info: Found 1 design units, including 0 entities, in source file ripple.vhd
    Info: Found design unit 1: full_adder_4-ripple_plus
Info: Found 1 design units, including 0 entities, in source file sys.vhd
    Info: Found design unit 1: full_adder_4-sys_plus
Info: Found 2 design units, including 1 entities, in source file full_adder_4.vhd
    Info: Found design unit 1: plus
    Info: Found entity 1: full_adder_4
Info: Found 2 design units, including 1 entities, in source file full_adder_1.vhd
    Info: Found design unit 1: full_adder_1-plus
    Info: Found entity 1: full_adder_1
Info: Elaborating entity "full_adder_4" for the top level hierarchy
Info: Elaborating entity "full_adder_1" for hierarchy "full_adder_1:adder0"
Info: Elaborating entity "half_adder_1" for hierarchy "full_adder_1:adder0|half_adder_1:adder"
Info: Implemented 22 device resources after synthesis - the final resource count might be different
    Info: Implemented 9 input pins
    Info: Implemented 5 output pins
    Info: Implemented 8 logic cells
Info: Quartus II Analysis & Synthesis was successful. 0 errors, 0 warnings
    Info: Peak virtual memory: 246 megabytes
    Info: Processing ended: Fri May 03 23:54:34 2019
    Info: Elapsed time: 00:00:01
    Info: Total CPU time (on all processors): 00:00:01


