Flow report for counter
Fri May 17 23:46:28 2019
Quartus Prime Version 18.1.0 Build 625 09/12/2018 SJ Lite Edition


---------------------
; Table of Contents ;
---------------------
  1. Legal Notice
  2. Flow Summary
  3. Flow Settings
  4. Flow Non-Default Global Settings
  5. Flow Elapsed Time
  6. Flow OS Summary
  7. Flow Log
  8. Flow Messages
  9. Flow Suppressed Messages



----------------
; Legal Notice ;
----------------
Copyright (C) 2018  Intel Corporation. All rights reserved.
Your use of Intel Corporation's design tools, logic functions 
and other software and tools, and its AMPP partner logic 
functions, and any output files from any of the foregoing 
(including device programming or simulation files), and any 
associated documentation or information are expressly subject 
to the terms and conditions of the Intel Program License 
Subscription Agreement, the Intel Quartus Prime License Agreement,
the Intel FPGA IP License Agreement, or other applicable license
agreement, including, without limitation, that your use is for
the sole purpose of programming logic devices manufactured by
Intel and sold by Intel or its authorized distributors.  Please
refer to the applicable agreement for further details.



+---------------------------------------------------------------------+
; Flow Summary                                                        ;
+-----------------------+---------------------------------------------+
; Flow Status           ; Successful - Fri May 17 23:46:28 2019       ;
; Quartus Prime Version ; 18.1.0 Build 625 09/12/2018 SJ Lite Edition ;
; Revision Name         ; counter                                     ;
; Top-level Entity Name ; counter                                     ;
; Family                ; MAX II                                      ;
; Device                ; EPM240T100C5                                ;
; Timing Models         ; Final                                       ;
; Total logic elements  ; 110 / 240 ( 46 % )                          ;
; Total pins            ; 18 / 80 ( 23 % )                            ;
; Total virtual pins    ; 0                                           ;
; UFM blocks            ; 0 / 1 ( 0 % )                               ;
+-----------------------+---------------------------------------------+


+-----------------------------------------+
; Flow Settings                           ;
+-------------------+---------------------+
; Option            ; Setting             ;
+-------------------+---------------------+
; Start date & time ; 05/17/2019 23:45:05 ;
; Main task         ; Compilation         ;
; Revision Name     ; counter             ;
+-------------------+---------------------+


+---------------------------------------------------------------------------------------------------------------------------------+
; Flow Non-Default Global Settings                                                                                                ;
+---------------------------------------+------------------------------------------+---------------+-------------+----------------+
; Assignment Name                       ; Value                                    ; Default Value ; Entity Name ; Section Id     ;
+---------------------------------------+------------------------------------------+---------------+-------------+----------------+
; COMPILER_SIGNATURE_ID                 ; 1097692409634.155810790506168            ; --            ; --          ; --             ;
; EDA_OUTPUT_DATA_FORMAT                ; Verilog Hdl                              ; --            ; --          ; eda_simulation ;
; EDA_SIMULATION_RUN_SCRIPT             ; simulation/modelsim/counter.vwf.do       ; --            ; --          ; eda_simulation ;
; EDA_SIMULATION_TOOL                   ; ModelSim-Altera (Verilog)                ; <None>        ; --          ; --             ;
; EDA_TEST_BENCH_ENABLE_STATUS          ; COMMAND_MACRO_MODE                       ; --            ; --          ; eda_simulation ;
; EDA_TIME_SCALE                        ; 1 ps                                     ; --            ; --          ; eda_simulation ;
; MAX_CORE_JUNCTION_TEMP                ; 85                                       ; --            ; --          ; --             ;
; MIN_CORE_JUNCTION_TEMP                ; 0                                        ; --            ; --          ; --             ;
; MISC_FILE                             ; D:/Workplace/EDA_lab/counter/counter.dpf ; --            ; --          ; --             ;
; POWER_EXT_SUPPLY_VOLTAGE_TO_REGULATOR ; 3.3V                                     ; --            ; --          ; --             ;
; POWER_PRESET_COOLING_SOLUTION         ; No Heat Sink With Still Air              ; --            ; --          ; --             ;
; USE_GENERATED_PHYSICAL_CONSTRAINTS    ; Off                                      ; --            ; --          ; eda_blast_fpga ;
+---------------------------------------+------------------------------------------+---------------+-------------+----------------+


+--------------------------------------------------------------------------------------------------------------------------+
; Flow Elapsed Time                                                                                                        ;
+----------------------+--------------+-------------------------+---------------------+------------------------------------+
; Module Name          ; Elapsed Time ; Average Processors Used ; Peak Virtual Memory ; Total CPU Time (on all processors) ;
+----------------------+--------------+-------------------------+---------------------+------------------------------------+
; Analysis & Synthesis ; 00:00:13     ; 1.0                     ; 4784 MB             ; 00:00:29                           ;
; Fitter               ; 00:00:02     ; 1.0                     ; 5357 MB             ; 00:00:02                           ;
; Assembler            ; 00:00:00     ; 1.0                     ; 4669 MB             ; 00:00:01                           ;
; Timing Analyzer      ; 00:00:01     ; 1.0                     ; 4690 MB             ; 00:00:01                           ;
; EDA Netlist Writer   ; 00:00:01     ; 1.0                     ; 4631 MB             ; 00:00:01                           ;
; EDA Netlist Writer   ; 00:00:01     ; 1.0                     ; 4624 MB             ; 00:00:01                           ;
; Total                ; 00:00:18     ; --                      ; --                  ; 00:00:35                           ;
+----------------------+--------------+-------------------------+---------------------+------------------------------------+


+------------------------------------------------------------------------------------+
; Flow OS Summary                                                                    ;
+----------------------+------------------+------------+------------+----------------+
; Module Name          ; Machine Hostname ; OS Name    ; OS Version ; Processor type ;
+----------------------+------------------+------------+------------+----------------+
; Analysis & Synthesis ; LAPTOP-FL69O31I  ; Windows 10 ; 10.0       ; x86_64         ;
; Fitter               ; LAPTOP-FL69O31I  ; Windows 10 ; 10.0       ; x86_64         ;
; Assembler            ; LAPTOP-FL69O31I  ; Windows 10 ; 10.0       ; x86_64         ;
; Timing Analyzer      ; LAPTOP-FL69O31I  ; Windows 10 ; 10.0       ; x86_64         ;
; EDA Netlist Writer   ; LAPTOP-FL69O31I  ; Windows 10 ; 10.0       ; x86_64         ;
; EDA Netlist Writer   ; LAPTOP-FL69O31I  ; Windows 10 ; 10.0       ; x86_64         ;
+----------------------+------------------+------------+------------+----------------+


------------
; Flow Log ;
------------
quartus_map --read_settings_files=on --write_settings_files=off counter -c counter
quartus_fit --read_settings_files=off --write_settings_files=off counter -c counter
quartus_asm --read_settings_files=off --write_settings_files=off counter -c counter
quartus_sta counter -c counter
quartus_eda --read_settings_files=off --write_settings_files=off counter -c counter
quartus_eda --gen_testbench --tool=modelsim_oem --format=vhdl --write_settings_files=off counter -c counter --vector_source=D:/Workplace/EDA_lab/counter/counter.vwf --testbench_file=D:/Workplace/EDA_lab/counter/simulation/modelsim/counter.vwf.vht



