Analysis & Synthesis report for counter
Fri May 10 14:08:06 2019
Quartus II Version 9.0 Build 132 02/25/2009 SJ Full Version


---------------------
; Table of Contents ;
---------------------
  1. Legal Notice
  2. Analysis & Synthesis Summary
  3. Analysis & Synthesis Settings
  4. Analysis & Synthesis Source Files Read
  5. Analysis & Synthesis Resource Usage Summary
  6. Analysis & Synthesis Resource Utilization by Entity
  7. General Register Statistics
  8. Port Connectivity Checks: "counter_dec:dec_1"
  9. Port Connectivity Checks: "counter_dec:dec_0|d_ff:carry_ff"
 10. Port Connectivity Checks: "counter_dec:dec_0"
 11. Analysis & Synthesis Messages



----------------
; Legal Notice ;
----------------
Copyright (C) 1991-2009 Altera Corporation
Your use of Altera Corporation's design tools, logic functions 
and other software and tools, and its AMPP partner logic 
functions, and any output files from any of the foregoing 
(including device programming or simulation files), and any 
associated documentation or information are expressly subject 
to the terms and conditions of the Altera Program License 
Subscription Agreement, Altera MegaCore Function License 
Agreement, or other applicable license agreement, including, 
without limitation, that your use is for the sole purpose of 
programming logic devices manufactured by Altera and sold by 
Altera or its authorized distributors.  Please refer to the 
applicable agreement for further details.



+------------------------------------------------------------------------+
; Analysis & Synthesis Summary                                           ;
+-----------------------------+------------------------------------------+
; Analysis & Synthesis Status ; Successful - Fri May 10 14:08:06 2019    ;
; Quartus II Version          ; 9.0 Build 132 02/25/2009 SJ Full Version ;
; Revision Name               ; counter                                  ;
; Top-level Entity Name       ; counter                                  ;
; Family                      ; MAX II                                   ;
; Total logic elements        ; 102                                      ;
; Total pins                  ; 18                                       ;
; Total virtual pins          ; 0                                        ;
; UFM blocks                  ; 0 / 1 ( 0 % )                            ;
+-----------------------------+------------------------------------------+


+----------------------------------------------------------------------------------------------------------+
; Analysis & Synthesis Settings                                                                            ;
+----------------------------------------------------------------+--------------------+--------------------+
; Option                                                         ; Setting            ; Default Value      ;
+----------------------------------------------------------------+--------------------+--------------------+
; Device                                                         ; EPM240T100C5       ;                    ;
; Top-level entity name                                          ; counter            ; counter            ;
; Family name                                                    ; MAX II             ; Stratix II         ;
; Use Generated Physical Constraints File                        ; Off                ;                    ;
; Use smart compilation                                          ; Off                ; Off                ;
; Restructure Multiplexers                                       ; Auto               ; Auto               ;
; Create Debugging Nodes for IP Cores                            ; Off                ; Off                ;
; Preserve fewer node names                                      ; On                 ; On                 ;
; Disable OpenCore Plus hardware evaluation                      ; Off                ; Off                ;
; Verilog Version                                                ; Verilog_2001       ; Verilog_2001       ;
; VHDL Version                                                   ; VHDL93             ; VHDL93             ;
; State Machine Processing                                       ; Auto               ; Auto               ;
; Safe State Machine                                             ; Off                ; Off                ;
; Extract Verilog State Machines                                 ; On                 ; On                 ;
; Extract VHDL State Machines                                    ; On                 ; On                 ;
; Ignore Verilog initial constructs                              ; Off                ; Off                ;
; Iteration limit for constant Verilog loops                     ; 5000               ; 5000               ;
; Iteration limit for non-constant Verilog loops                 ; 250                ; 250                ;
; Add Pass-Through Logic to Inferred RAMs                        ; On                 ; On                 ;
; Parallel Synthesis                                             ; Off                ; Off                ;
; NOT Gate Push-Back                                             ; On                 ; On                 ;
; Power-Up Don't Care                                            ; On                 ; On                 ;
; Remove Redundant Logic Cells                                   ; Off                ; Off                ;
; Remove Duplicate Registers                                     ; On                 ; On                 ;
; Ignore CARRY Buffers                                           ; Off                ; Off                ;
; Ignore CASCADE Buffers                                         ; Off                ; Off                ;
; Ignore GLOBAL Buffers                                          ; Off                ; Off                ;
; Ignore ROW GLOBAL Buffers                                      ; Off                ; Off                ;
; Ignore LCELL Buffers                                           ; Off                ; Off                ;
; Ignore SOFT Buffers                                            ; On                 ; On                 ;
; Limit AHDL Integers to 32 Bits                                 ; Off                ; Off                ;
; Optimization Technique                                         ; Balanced           ; Balanced           ;
; Carry Chain Length                                             ; 70                 ; 70                 ;
; Auto Carry Chains                                              ; On                 ; On                 ;
; Auto Open-Drain Pins                                           ; On                 ; On                 ;
; Perform WYSIWYG Primitive Resynthesis                          ; Off                ; Off                ;
; Auto Shift Register Replacement                                ; Auto               ; Auto               ;
; Auto Clock Enable Replacement                                  ; On                 ; On                 ;
; Allow Synchronous Control Signals                              ; On                 ; On                 ;
; Force Use of Synchronous Clear Signals                         ; Off                ; Off                ;
; Auto Resource Sharing                                          ; Off                ; Off                ;
; Use LogicLock Constraints during Resource Balancing            ; On                 ; On                 ;
; Ignore translate_off and synthesis_off directives              ; Off                ; Off                ;
; Show Parameter Settings Tables in Synthesis Report             ; On                 ; On                 ;
; Ignore Maximum Fan-Out Assignments                             ; Off                ; Off                ;
; Synchronization Register Chain Length                          ; 2                  ; 2                  ;
; PowerPlay Power Optimization                                   ; Normal compilation ; Normal compilation ;
; HDL message level                                              ; Level2             ; Level2             ;
; Suppress Register Optimization Related Messages                ; Off                ; Off                ;
; Number of Removed Registers Reported in Synthesis Report       ; 100                ; 100                ;
; Number of Inverted Registers Reported in Synthesis Report      ; 100                ; 100                ;
; Clock MUX Protection                                           ; On                 ; On                 ;
; Block Design Naming                                            ; Auto               ; Auto               ;
; Synthesis Effort                                               ; Auto               ; Auto               ;
; Allows Asynchronous Clear Usage For Shift Register Replacement ; On                 ; On                 ;
; Analysis & Synthesis Message Level                             ; Medium             ; Medium             ;
+----------------------------------------------------------------+--------------------+--------------------+


+-----------------------------------------------------------------------------------------------------------------------+
; Analysis & Synthesis Source Files Read                                                                                ;
+----------------------------------+-----------------+-----------------+------------------------------------------------+
; File Name with User-Entered Path ; Used in Netlist ; File Type       ; File Name with Absolute Path                   ;
+----------------------------------+-----------------+-----------------+------------------------------------------------+
; transform_clk.vhd                ; yes             ; User VHDL File  ; D:/Workplace/EDA_lab/counter/transform_clk.vhd ;
; counter.vhd                      ; yes             ; User VHDL File  ; D:/Workplace/EDA_lab/counter/counter.vhd       ;
; counter_dec.vhd                  ; yes             ; User VHDL File  ; D:/Workplace/EDA_lab/counter/counter_dec.vhd   ;
; d_ff.vhd                         ; yes             ; User VHDL File  ; D:/Workplace/EDA_lab/counter/d_ff.vhd          ;
+----------------------------------+-----------------+-----------------+------------------------------------------------+


+------------------------------------------------------+
; Analysis & Synthesis Resource Usage Summary          ;
+---------------------------------------------+--------+
; Resource                                    ; Usage  ;
+---------------------------------------------+--------+
; Total logic elements                        ; 102    ;
;     -- Combinational with no register       ; 59     ;
;     -- Register only                        ; 25     ;
;     -- Combinational with a register        ; 18     ;
;                                             ;        ;
; Logic element usage by number of LUT inputs ;        ;
;     -- 4 input functions                    ; 26     ;
;     -- 3 input functions                    ; 12     ;
;     -- 2 input functions                    ; 36     ;
;     -- 1 input functions                    ; 3      ;
;     -- 0 input functions                    ; 0      ;
;                                             ;        ;
; Logic elements by mode                      ;        ;
;     -- normal mode                          ; 71     ;
;     -- arithmetic mode                      ; 31     ;
;     -- qfbk mode                            ; 0      ;
;     -- register cascade mode                ; 0      ;
;     -- synchronous clear/load mode          ; 0      ;
;     -- asynchronous clear/load mode         ; 10     ;
;                                             ;        ;
; Total registers                             ; 43     ;
; Total logic cells in carry chains           ; 32     ;
; I/O pins                                    ; 18     ;
; Maximum fan-out node                        ; clk_1m ;
; Maximum fan-out                             ; 33     ;
; Total fan-out                               ; 307    ;
; Average fan-out                             ; 2.56   ;
+---------------------------------------------+--------+


+-------------------------------------------------------------------------------------------------------------------------------------------------------------------------------------------------------------------------------------------+
; Analysis & Synthesis Resource Utilization by Entity                                                                                                                                                                                       ;
+----------------------------+-------------+--------------+------------+------+--------------+--------------+-------------------+------------------+-----------------+------------+------------------------------------------+--------------+
; Compilation Hierarchy Node ; Logic Cells ; LC Registers ; UFM Blocks ; Pins ; Virtual Pins ; LUT-Only LCs ; Register-Only LCs ; LUT/Register LCs ; Carry Chain LCs ; Packed LCs ; Full Hierarchy Name                      ; Library Name ;
+----------------------------+-------------+--------------+------------+------+--------------+--------------+-------------------+------------------+-----------------+------------+------------------------------------------+--------------+
; |counter                   ; 102 (14)    ; 43           ; 0          ; 18   ; 0            ; 59 (14)      ; 25 (0)            ; 18 (0)           ; 32 (0)          ; 0 (0)      ; |counter                                 ; work         ;
;    |counter_dec:dec_0|     ; 6 (1)       ; 5            ; 0          ; 0    ; 0            ; 1 (1)        ; 0 (0)             ; 5 (0)            ; 0 (0)           ; 0 (0)      ; |counter|counter_dec:dec_0               ; work         ;
;       |d_ff:bit_0_ff|      ; 1 (1)       ; 1            ; 0          ; 0    ; 0            ; 0 (0)        ; 0 (0)             ; 1 (1)            ; 0 (0)           ; 0 (0)      ; |counter|counter_dec:dec_0|d_ff:bit_0_ff ; work         ;
;       |d_ff:bit_1_ff|      ; 1 (1)       ; 1            ; 0          ; 0    ; 0            ; 0 (0)        ; 0 (0)             ; 1 (1)            ; 0 (0)           ; 0 (0)      ; |counter|counter_dec:dec_0|d_ff:bit_1_ff ; work         ;
;       |d_ff:bit_2_ff|      ; 1 (1)       ; 1            ; 0          ; 0    ; 0            ; 0 (0)        ; 0 (0)             ; 1 (1)            ; 0 (0)           ; 0 (0)      ; |counter|counter_dec:dec_0|d_ff:bit_2_ff ; work         ;
;       |d_ff:bit_3_ff|      ; 1 (1)       ; 1            ; 0          ; 0    ; 0            ; 0 (0)        ; 0 (0)             ; 1 (1)            ; 0 (0)           ; 0 (0)      ; |counter|counter_dec:dec_0|d_ff:bit_3_ff ; work         ;
;       |d_ff:carry_ff|      ; 1 (1)       ; 1            ; 0          ; 0    ; 0            ; 0 (0)        ; 0 (0)             ; 1 (1)            ; 0 (0)           ; 0 (0)      ; |counter|counter_dec:dec_0|d_ff:carry_ff ; work         ;
;    |counter_dec:dec_1|     ; 7 (2)       ; 5            ; 0          ; 0    ; 0            ; 2 (2)        ; 0 (0)             ; 5 (0)            ; 0 (0)           ; 0 (0)      ; |counter|counter_dec:dec_1               ; work         ;
;       |d_ff:bit_0_ff|      ; 1 (1)       ; 1            ; 0          ; 0    ; 0            ; 0 (0)        ; 0 (0)             ; 1 (1)            ; 0 (0)           ; 0 (0)      ; |counter|counter_dec:dec_1|d_ff:bit_0_ff ; work         ;
;       |d_ff:bit_1_ff|      ; 1 (1)       ; 1            ; 0          ; 0    ; 0            ; 0 (0)        ; 0 (0)             ; 1 (1)            ; 0 (0)           ; 0 (0)      ; |counter|counter_dec:dec_1|d_ff:bit_1_ff ; work         ;
;       |d_ff:bit_2_ff|      ; 1 (1)       ; 1            ; 0          ; 0    ; 0            ; 0 (0)        ; 0 (0)             ; 1 (1)            ; 0 (0)           ; 0 (0)      ; |counter|counter_dec:dec_1|d_ff:bit_2_ff ; work         ;
;       |d_ff:bit_3_ff|      ; 1 (1)       ; 1            ; 0          ; 0    ; 0            ; 0 (0)        ; 0 (0)             ; 1 (1)            ; 0 (0)           ; 0 (0)      ; |counter|counter_dec:dec_1|d_ff:bit_3_ff ; work         ;
;       |d_ff:carry_ff|      ; 1 (1)       ; 1            ; 0          ; 0    ; 0            ; 0 (0)        ; 0 (0)             ; 1 (1)            ; 0 (0)           ; 0 (0)      ; |counter|counter_dec:dec_1|d_ff:carry_ff ; work         ;
;    |transform_clk:timer|   ; 75 (75)     ; 33           ; 0          ; 0    ; 0            ; 42 (42)      ; 25 (25)           ; 8 (8)            ; 32 (32)         ; 0 (0)      ; |counter|transform_clk:timer             ; work         ;
+----------------------------+-------------+--------------+------------+------+--------------+--------------+-------------------+------------------+-----------------+------------+------------------------------------------+--------------+
Note: For table entries with two numbers listed, the numbers in parentheses indicate the number of resources of the given type used by the specific entity alone. The numbers listed outside of parentheses indicate the total resources of the given type used by the specific entity and all of its sub-entities in the hierarchy.


+------------------------------------------------------+
; General Register Statistics                          ;
+----------------------------------------------+-------+
; Statistic                                    ; Value ;
+----------------------------------------------+-------+
; Total registers                              ; 43    ;
; Number of registers using Synchronous Clear  ; 0     ;
; Number of registers using Synchronous Load   ; 0     ;
; Number of registers using Asynchronous Clear ; 10    ;
; Number of registers using Asynchronous Load  ; 0     ;
; Number of registers using Clock Enable       ; 0     ;
; Number of registers using Preset             ; 0     ;
+----------------------------------------------+-------+


+----------------------------------------------------------------------------------------------------------------------+
; Port Connectivity Checks: "counter_dec:dec_1"                                                                        ;
+------------+--------+----------+-------------------------------------------------------------------------------------+
; Port       ; Type   ; Severity ; Details                                                                             ;
+------------+--------+----------+-------------------------------------------------------------------------------------+
; val_max[3] ; Input  ; Info     ; Stuck at GND                                                                        ;
; val_max[2] ; Input  ; Info     ; Stuck at VCC                                                                        ;
; val_max[1] ; Input  ; Info     ; Stuck at GND                                                                        ;
; val_max[0] ; Input  ; Info     ; Stuck at VCC                                                                        ;
; carry      ; Output ; Info     ; Connected to dangling logic. Logic that only feeds a dangling port will be removed. ;
+------------+--------+----------+-------------------------------------------------------------------------------------+


+----------------------------------------------------------------------------------------------------------------+
; Port Connectivity Checks: "counter_dec:dec_0|d_ff:carry_ff"                                                    ;
+------+--------+----------+-------------------------------------------------------------------------------------+
; Port ; Type   ; Severity ; Details                                                                             ;
+------+--------+----------+-------------------------------------------------------------------------------------+
; qn   ; Output ; Info     ; Connected to dangling logic. Logic that only feeds a dangling port will be removed. ;
+------+--------+----------+-------------------------------------------------------------------------------------+


+-------------------------------------------------+
; Port Connectivity Checks: "counter_dec:dec_0"   ;
+---------------+-------+----------+--------------+
; Port          ; Type  ; Severity ; Details      ;
+---------------+-------+----------+--------------+
; val_max[2..1] ; Input ; Info     ; Stuck at GND ;
; val_max[3]    ; Input ; Info     ; Stuck at VCC ;
; val_max[0]    ; Input ; Info     ; Stuck at VCC ;
+---------------+-------+----------+--------------+


+-------------------------------+
; Analysis & Synthesis Messages ;
+-------------------------------+
Info: *******************************************************************
Info: Running Quartus II Analysis & Synthesis
    Info: Version 9.0 Build 132 02/25/2009 SJ Full Version
    Info: Processing started: Fri May 10 14:08:05 2019
Info: Command: quartus_map --read_settings_files=on --write_settings_files=off counter -c counter
Info: Found 2 design units, including 1 entities, in source file transform_clk.vhd
    Info: Found design unit 1: transform_clk-transform
    Info: Found entity 1: transform_clk
Info: Found 2 design units, including 1 entities, in source file counter.vhd
    Info: Found design unit 1: counter-counter_bev
    Info: Found entity 1: counter
Info: Found 2 design units, including 1 entities, in source file counter_dec.vhd
    Info: Found design unit 1: counter_dec-counter_dec_bev
    Info: Found entity 1: counter_dec
Info: Found 2 design units, including 1 entities, in source file d_ff.vhd
    Info: Found design unit 1: d_ff-d_ff_bev
    Info: Found entity 1: d_ff
Info: Elaborating entity "counter" for the top level hierarchy
Info: Elaborating entity "transform_clk" for hierarchy "transform_clk:timer"
Info: Elaborating entity "counter_dec" for hierarchy "counter_dec:dec_0"
Info: Elaborating entity "d_ff" for hierarchy "counter_dec:dec_0|d_ff:bit_0_ff"
Warning: Clock multiplexers are found and protected
    Warning: Found clock multiplexer clk_dec_0
Info: Implemented 120 device resources after synthesis - the final resource count might be different
    Info: Implemented 4 input pins
    Info: Implemented 14 output pins
    Info: Implemented 102 logic cells
Info: Quartus II Analysis & Synthesis was successful. 0 errors, 2 warnings
    Info: Peak virtual memory: 253 megabytes
    Info: Processing ended: Fri May 10 14:08:06 2019
    Info: Elapsed time: 00:00:01
    Info: Total CPU time (on all processors): 00:00:01


